-------------------------------------------------------------------------------
Test set: com.zerobank.runner.FailedTestRunner
-------------------------------------------------------------------------------
Tests run: 1, Failures: 0, Errors: 1, Skipped: 0, Time elapsed: 0.101 s <<< FAILURE! - in com.zerobank.runner.FailedTestRunner
initializationError(com.zerobank.runner.FailedTestRunner)  Time elapsed: 0.006 s  <<< ERROR!
io.cucumber.core.exception.CucumberException: Failed to parse 'target\rerun.txt'
Caused by: java.nio.file.NoSuchFileException: target\rerun.txt

